# JRE version: OpenJDK Runtime Environment (8.0_76-b03) (build 1.8.0_76-release-b03)
# Java VM: OpenJDK 64-Bit Server VM (25.76-b03 mixed mode windows-amd64 compressed oops)
Heap:
 PSYoungGen      total 121344K, used 68951K [0x00000000e0000000, 0x00000000eaf80000, 0x0000000100000000)
  eden space 108032K, 51% used [0x00000000e0000000,0x00000000e36562d8,0x00000000e6980000)
  from space 13312K, 99% used [0x00000000e6980000,0x00000000e767fcf0,0x00000000e7680000)
  to   space 17920K, 3% used [0x00000000e9e00000,0x00000000e9ea0000,0x00000000eaf80000)
 ParOldGen       total 87552K, used 25744K [0x00000000a0000000, 0x00000000a5580000, 0x00000000e0000000)
  object space 87552K, 29% used [0x00000000a0000000,0x00000000a19240c8,0x00000000a5580000)
 Metaspace       used 51811K, capacity 53858K, committed 54016K, reserved 1095680K
  class space    used 7092K, capacity 7582K, committed 7680K, reserved 1048576K
GC Heap History (10 events):
Event: 41.909 GC heap before
{Heap before GC invocations=11 (full 1):
 PSYoungGen      total 74240K, used 22229K [0x00000000e0000000, 0x00000000e6400000, 0x0000000100000000)
  eden space 64512K, 19% used [0x00000000e0000000,0x00000000e0c3d398,0x00000000e3f00000)
  from space 9728K, 99% used [0x00000000e3f00000,0x00000000e4878118,0x00000000e4880000)
  to   space 10752K, 0% used [0x00000000e5980000,0x00000000e5980000,0x00000000e6400000)
 ParOldGen       total 67584K, used 11852K [0x00000000a0000000, 0x00000000a4200000, 0x00000000e0000000)
  object space 67584K, 17% used [0x00000000a0000000,0x00000000a0b932d0,0x00000000a4200000)
 Metaspace       used 34707K, capacity 35366K, committed 35496K, reserved 1079296K
  class space    used 4675K, capacity 4856K, committed 4864K, reserved 1048576K
Event: 41.945 GC heap after
Heap after GC invocations=11 (full 1):
 PSYoungGen      total 91136K, used 8065K [0x00000000e0000000, 0x00000000e6d80000, 0x0000000100000000)
  eden space 80384K, 0% used [0x00000000e0000000,0x00000000e0000000,0x00000000e4e80000)
  from space 10752K, 75% used [0x00000000e5980000,0x00000000e6160690,0x00000000e6400000)
  to   space 11264K, 0% used [0x00000000e4e80000,0x00000000e4e80000,0x00000000e5980000)
 ParOldGen       total 67584K, used 11860K [0x00000000a0000000, 0x00000000a4200000, 0x00000000e0000000)
  object space 67584K, 17% used [0x00000000a0000000,0x00000000a0b952d0,0x00000000a4200000)
 Metaspace       used 34707K, capacity 35366K, committed 35496K, reserved 1079296K
  class space    used 4675K, capacity 4856K, committed 4864K, reserved 1048576K
}
Event: 41.945 GC heap before
{Heap before GC invocations=12 (full 2):
 PSYoungGen      total 91136K, used 8065K [0x00000000e0000000, 0x00000000e6d80000, 0x0000000100000000)
  eden space 80384K, 0% used [0x00000000e0000000,0x00000000e0000000,0x00000000e4e80000)
  from space 10752K, 75% used [0x00000000e5980000,0x00000000e6160690,0x00000000e6400000)
  to   space 11264K, 0% used [0x00000000e4e80000,0x00000000e4e80000,0x00000000e5980000)
 ParOldGen       total 67584K, used 11860K [0x00000000a0000000, 0x00000000a4200000, 0x00000000e0000000)
  object space 67584K, 17% used [0x00000000a0000000,0x00000000a0b952d0,0x00000000a4200000)
 Metaspace       used 34707K, capacity 35366K, committed 35496K, reserved 1079296K
  class space    used 4675K, capacity 4856K, committed 4864K, reserved 1048576K
Event: 42.199 GC heap after
Heap after GC invocations=12 (full 2):
 PSYoungGen      total 91136K, used 0K [0x00000000e0000000, 0x00000000e6d80000, 0x0000000100000000)
  eden space 80384K, 0% used [0x00000000e0000000,0x00000000e0000000,0x00000000e4e80000)
  from space 10752K, 0% used [0x00000000e5980000,0x00000000e5980000,0x00000000e6400000)
  to   space 11264K, 0% used [0x00000000e4e80000,0x00000000e4e80000,0x00000000e5980000)
 ParOldGen       total 87552K, used 15544K [0x00000000a0000000, 0x00000000a5580000, 0x00000000e0000000)
  object space 87552K, 17% used [0x00000000a0000000,0x00000000a0f2e078,0x00000000a5580000)
 Metaspace       used 34707K, capacity 35366K, committed 35496K, reserved 1079296K
  class space    used 4675K, capacity 4856K, committed 4864K, reserved 1048576K
}
Event: 47.201 GC heap before
{Heap before GC invocations=13 (full 2):
 PSYoungGen      total 91136K, used 80384K [0x00000000e0000000, 0x00000000e6d80000, 0x0000000100000000)
  eden space 80384K, 100% used [0x00000000e0000000,0x00000000e4e80000,0x00000000e4e80000)
  from space 10752K, 0% used [0x00000000e5980000,0x00000000e5980000,0x00000000e6400000)
  to   space 11264K, 0% used [0x00000000e4e80000,0x00000000e4e80000,0x00000000e5980000)
 ParOldGen       total 87552K, used 15544K [0x00000000a0000000, 0x00000000a5580000, 0x00000000e0000000)
  object space 87552K, 17% used [0x00000000a0000000,0x00000000a0f2e078,0x00000000a5580000)
 Metaspace       used 41601K, capacity 42510K, committed 42752K, reserved 1085440K
  class space    used 5573K, capacity 5801K, committed 5888K, reserved 1048576K
Event: 47.223 GC heap after
Heap after GC invocations=13 (full 2):
 PSYoungGen      total 91648K, used 8380K [0x00000000e0000000, 0x00000000e8180000, 0x0000000100000000)
  eden space 80384K, 0% used [0x00000000e0000000,0x00000000e0000000,0x00000000e4e80000)
  from space 11264K, 74% used [0x00000000e4e80000,0x00000000e56af310,0x00000000e5980000)
  to   space 11264K, 0% used [0x00000000e7680000,0x00000000e7680000,0x00000000e8180000)
 ParOldGen       total 87552K, used 15552K [0x00000000a0000000, 0x00000000a5580000, 0x00000000e0000000)
  object space 87552K, 17% used [0x00000000a0000000,0x00000000a0f30078,0x00000000a5580000)
 Metaspace       used 41601K, capacity 42510K, committed 42752K, reserved 1085440K
  class space    used 5573K, capacity 5801K, committed 5888K, reserved 1048576K
}
Event: 51.075 GC heap before
{Heap before GC invocations=14 (full 2):
 PSYoungGen      total 91648K, used 88764K [0x00000000e0000000, 0x00000000e8180000, 0x0000000100000000)
  eden space 80384K, 100% used [0x00000000e0000000,0x00000000e4e80000,0x00000000e4e80000)
  from space 11264K, 74% used [0x00000000e4e80000,0x00000000e56af310,0x00000000e5980000)
  to   space 11264K, 0% used [0x00000000e7680000,0x00000000e7680000,0x00000000e8180000)
 ParOldGen       total 87552K, used 15552K [0x00000000a0000000, 0x00000000a5580000, 0x00000000e0000000)
  object space 87552K, 17% used [0x00000000a0000000,0x00000000a0f30078,0x00000000a5580000)
 Metaspace       used 44728K, capacity 45882K, committed 46080K, reserved 1089536K
  class space    used 6014K, capacity 6291K, committed 6400K, reserved 1048576K
Event: 51.115 GC heap after
Heap after GC invocations=14 (full 2):
 PSYoungGen      total 119296K, used 11245K [0x00000000e0000000, 0x00000000e8480000, 0x0000000100000000)
  eden space 108032K, 0% used [0x00000000e0000000,0x00000000e0000000,0x00000000e6980000)
  from space 11264K, 99% used [0x00000000e7680000,0x00000000e817b438,0x00000000e8180000)
  to   space 13312K, 0% used [0x00000000e6980000,0x00000000e6980000,0x00000000e7680000)
 ParOldGen       total 87552K, used 17103K [0x00000000a0000000, 0x00000000a5580000, 0x00000000e0000000)
  object space 87552K, 19% used [0x00000000a0000000,0x00000000a10b3f10,0x00000000a5580000)
 Metaspace       used 44728K, capacity 45882K, committed 46080K, reserved 1089536K
  class space    used 6014K, capacity 6291K, committed 6400K, reserved 1048576K
}
Event: 59.494 GC heap before
{Heap before GC invocations=15 (full 2):
 PSYoungGen      total 119296K, used 119277K [0x00000000e0000000, 0x00000000e8480000, 0x0000000100000000)
  eden space 108032K, 100% used [0x00000000e0000000,0x00000000e6980000,0x00000000e6980000)
  from space 11264K, 99% used [0x00000000e7680000,0x00000000e817b438,0x00000000e8180000)
  to   space 13312K, 0% used [0x00000000e6980000,0x00000000e6980000,0x00000000e7680000)
 ParOldGen       total 87552K, used 17103K [0x00000000a0000000, 0x00000000a5580000, 0x00000000e0000000)
  object space 87552K, 19% used [0x00000000a0000000,0x00000000a10b3f10,0x00000000a5580000)
 Metaspace       used 49839K, capacity 51280K, committed 51456K, reserved 1093632K
  class space    used 6732K, capacity 7074K, committed 7168K, reserved 1048576K
Event: 59.536 GC heap after
Heap after GC invocations=15 (full 2):
 PSYoungGen      total 121344K, used 13311K [0x00000000e0000000, 0x00000000eaf80000, 0x0000000100000000)
  eden space 108032K, 0% used [0x00000000e0000000,0x00000000e0000000,0x00000000e6980000)
  from space 13312K, 99% used [0x00000000e6980000,0x00000000e767fcf0,0x00000000e7680000)
  to   space 17920K, 0% used [0x00000000e9e00000,0x00000000e9e00000,0x00000000eaf80000)
 ParOldGen       total 87552K, used 25744K [0x00000000a0000000, 0x00000000a5580000, 0x00000000e0000000)
  object space 87552K, 29% used [0x00000000a0000000,0x00000000a19240c8,0x00000000a5580000)
 Metaspace       used 49839K, capacity 51280K, committed 51456K, reserved 1093632K
  class space    used 6732K, capacity 7074K, committed 7168K, reserved 1048576K
}

